<?xml version="1.0" encoding="UTF-8"?>
<!-- Generated by org.testng.reporters.JUnitReportReporter -->
<testsuite hostname="DESKTOP-NK01B5C" failures="0" tests="1" name="com.qa.TestLayer.PatientRecordTest" time="48.012" errors="0" timestamp="2022-09-08T12:16:29 IST" skipped="0">
  <testcase classname="com.qa.TestLayer.PatientRecordTest" name="verifyPatientRecordPage" time="48.012"/>
  <system-out/>
</testsuite> <!-- com.qa.TestLayer.PatientRecordTest -->
