<?xml version="1.0" encoding="UTF-8"?>
<!-- Generated by org.testng.reporters.JUnitReportReporter -->
<testsuite hostname="DESKTOP-NK01B5C" failures="0" tests="1" name="com.qa.TestLayer.PatientRegestrationTest" time="41.102" errors="0" timestamp="2022-09-08T04:13:09 IST" skipped="0">
  <testcase classname="com.qa.TestLayer.PatientRegestrationTest" name="verifyPatientRegestration" time="41.102"/>
  <system-out/>
</testsuite> <!-- com.qa.TestLayer.PatientRegestrationTest -->
