<?xml version="1.0" encoding="UTF-8"?>
<!-- Generated by org.testng.reporters.JUnitReportReporter -->
<testsuite hostname="DESKTOP-NK01B5C" failures="0" tests="1" name="com.qa.TestLayer.LogoutTest" time="23.090" errors="0" timestamp="2022-09-08T12:56:45 IST" skipped="0">
  <testcase classname="com.qa.TestLayer.LogoutTest" name="verifylogout" time="23.090"/>
  <system-out/>
</testsuite> <!-- com.qa.TestLayer.LogoutTest -->
