<?xml version="1.0" encoding="UTF-8"?>
<!-- Generated by org.testng.reporters.JUnitReportReporter -->
<testsuite hostname="DESKTOP-NK01B5C" failures="0" tests="1" name="com.qa.TestLayer.LoginTest" time="17.801" errors="0" timestamp="2022-09-08T01:51:01 IST" skipped="0">
  <testcase classname="com.qa.TestLayer.LoginTest" name="verifyLogin" time="17.801"/>
  <system-out/>
</testsuite> <!-- com.qa.TestLayer.LoginTest -->
